<?xml version="1.0" encoding="UTF-8"?>
<!-- Generated by org.testng.reporters.JUnitReportReporter -->
<testsuite skipped="0" hostname="Gerardos-MBP.home" name="Com.DataDrivenFramework.TestCases.DummyTestB" tests="1" failures="0" timestamp="18 Oct 2016 14:38:14 GMT" time="7.742" errors="0">
  <testcase name="testB1" time="7.742" classname="Com.DataDrivenFramework.TestCases.DummyTestB"/>
</testsuite> <!-- Com.DataDrivenFramework.TestCases.DummyTestB -->
