<?xml version="1.0" encoding="UTF-8"?>
<!-- Generated by org.testng.reporters.JUnitReportReporter -->
<testsuite skipped="0" hostname="Gerardos-MBP.home" name="Com.DataDrivenFramework.TestCases.DummyTestB" tests="1" failures="0" timestamp="3 Jan 2017 17:49:01 GMT" time="4.820" errors="0">
  <testcase name="testB1" time="4.820" classname="Com.DataDrivenFramework.TestCases.DummyTestB"/>
</testsuite> <!-- Com.DataDrivenFramework.TestCases.DummyTestB -->
