<?xml version="1.0" encoding="UTF-8"?>
<!-- Generated by org.testng.reporters.JUnitReportReporter -->
<testsuite skipped="0" hostname="Gerardos-MBP.home" name="Com.DataDrivenFramework.TestCases.DummyTestC" tests="1" failures="0" timestamp="15 Oct 2016 05:00:23 GMT" time="10.823" errors="0">
  <testcase name="testC1" time="10.823" classname="Com.DataDrivenFramework.TestCases.DummyTestC"/>
</testsuite> <!-- Com.DataDrivenFramework.TestCases.DummyTestC -->
