<?xml version="1.0" encoding="UTF-8"?>
<!-- Generated by org.testng.reporters.JUnitReportReporter -->
<testsuite skipped="0" hostname="Gerardos-MBP.home" name="Com.DataDrivenFramework.TestCases.DummyTestB" tests="1" failures="0" timestamp="19 Oct 2016 04:13:24 GMT" time="38.337" errors="0">
  <testcase name="testB1" time="38.337" classname="Com.DataDrivenFramework.TestCases.DummyTestB"/>
</testsuite> <!-- Com.DataDrivenFramework.TestCases.DummyTestB -->
