<?xml version="1.0" encoding="UTF-8"?>
<!-- Generated by org.testng.reporters.JUnitReportReporter -->
<testsuite skipped="0" hostname="Gerardos-MacBook-Pro.local" name="Com.DataDrivenFramework.TestCases.DummyCNNTest" tests="1" failures="0" timestamp="18 Oct 2016 22:55:27 GMT" time="14.475" errors="0">
  <testcase name="start" time="14.475" classname="Com.DataDrivenFramework.TestCases.DummyCNNTest"/>
</testsuite> <!-- Com.DataDrivenFramework.TestCases.DummyCNNTest -->
